2026-04-19 13:53:28,150 | INFO | Estado macro: SLOWDOWN
2026-04-19 13:53:28,150 | INFO | Alineaciones sectoriales leídas: 11 ETFs
2026-04-19 13:53:28,178 | INFO | Empresas a enriquecer: 748
2026-04-19 13:53:28,206 | ERROR | [CRMD] error: can't adapt type 'numpy.bool_'
2026-04-19 13:53:28,221 | ERROR | [HCI] error: can't adapt type 'numpy.bool_'
2026-04-19 13:53:28,230 | ERROR | [DGICA] error: can't adapt type 'numpy.bool_'
2026-04-19 13:53:28,240 | ERROR | [KINS] error: can't adapt type 'numpy.bool_'
2026-04-19 13:53:28,248 | ERROR | [HRTG] error: can't adapt type 'numpy.bool_'
2026-04-19 13:53:28,256 | ERROR | [FSCO] error: can't adapt type 'numpy.bool_'
2026-04-19 13:53:28,263 | ERROR | [RIGL] error: can't adapt type 'numpy.bool_'
2026-04-19 13:53:28,271 | ERROR | [MTG] error: can't adapt type 'numpy.bool_'
2026-04-19 13:53:28,277 | ERROR | [HRMY] error: can't adapt type 'numpy.bool_'
2026-04-19 13:53:28,287 | ERROR | [CALM] error: can't adapt type 'numpy.bool_'
2026-04-19 13:53:28,289 | ERROR | [VSNTV] error: can't adapt type 'numpy.bool_'
2026-04-19 13:53:28,296 | ERROR | [ACT] error: can't adapt type 'numpy.bool_'
2026-04-19 13:53:28,302 | ERROR | [UVE] error: can't adapt type 'numpy.bool_'
2026-04-19 13:53:28,309 | ERROR | [ALL] error: can't adapt type 'numpy.bool_'
2026-04-19 13:53:28,315 | ERROR | [TRV] error: can't adapt type 'numpy.bool_'
2026-04-19 13:53:28,322 | ERROR | [NRP] error: can't adapt type 'numpy.bool_'
2026-04-19 13:53:28,328 | ERROR | [AII] error: can't adapt type 'numpy.bool_'
2026-04-19 13:53:28,335 | ERROR | [SAFT] error: can't adapt type 'numpy.bool_'
2026-04-19 13:53:28,342 | ERROR | [MFIN] error: can't adapt type 'numpy.bool_'
2026-04-19 13:53:28,351 | ERROR | [CNA] error: can't adapt type 'numpy.bool_'
2026-04-19 13:53:28,358 | ERROR | [UFCS] error: can't adapt type 'numpy.bool_'
2026-04-19 13:53:28,365 | ERROR | [MCY] error: can't adapt type 'numpy.bool_'
2026-04-19 13:53:28,371 | ERROR | [NRIM] error: can't adapt type 'numpy.bool_'
2026-04-19 13:53:28,377 | ERROR | [HIG] error: can't adapt type 'numpy.bool_'
2026-04-19 13:53:28,383 | ERROR | [BCRX] error: can't adapt type 'numpy.bool_'
2026-04-19 13:53:28,390 | ERROR | [OVV] error: can't adapt type 'numpy.bool_'
2026-04-19 13:53:28,398 | ERROR | [CIVI] error: can't adapt type 'numpy.bool_'
2026-04-19 13:53:28,404 | ERROR | [CINF] error: can't adapt type 'numpy.bool_'
2026-04-19 13:53:28,410 | ERROR | [CASH] error: can't adapt type 'numpy.bool_'
2026-04-19 13:53:28,416 | ERROR | [WLKP] error: can't adapt type 'numpy.bool_'
2026-04-19 13:53:28,423 | ERROR | [VICI] error: can't adapt type 'numpy.bool_'
2026-04-19 13:53:28,429 | ERROR | [TMHC] error: can't adapt type 'numpy.bool_'
2026-04-19 13:53:28,435 | ERROR | [RLI] error: can't adapt type 'numpy.bool_'
2026-04-19 13:53:28,440 | ERROR | [RRR] error: can't adapt type 'numpy.bool_'
2026-04-19 13:53:28,446 | ERROR | [OPY] error: can't adapt type 'numpy.bool_'
2026-04-19 13:53:28,452 | ERROR | [CRCT] error: can't adapt type 'numpy.bool_'
2026-04-19 13:53:28,458 | ERROR | [LARK] error: can't adapt type 'numpy.bool_'
2026-04-19 13:53:28,464 | ERROR | [PTCT] error: can't adapt type 'numpy.bool_'
2026-04-19 13:53:28,470 | ERROR | [SBC] error: can't adapt type 'numpy.bool_'
2026-04-19 13:53:28,476 | ERROR | [APA] error: can't adapt type 'numpy.bool_'
2026-04-19 13:53:28,481 | ERROR | [PRI] error: can't adapt type 'numpy.bool_'
2026-04-19 13:53:28,487 | ERROR | [NEM] error: can't adapt type 'numpy.bool_'
2026-04-19 13:53:28,492 | ERROR | [BANX] error: can't adapt type 'numpy.bool_'
2026-04-19 13:53:28,497 | ERROR | [KROS] error: can't adapt type 'numpy.bool_'
2026-04-19 13:53:28,502 | ERROR | [RMNI] error: can't adapt type 'numpy.bool_'
2026-04-19 13:53:28,507 | ERROR | [ORI] error: can't adapt type 'numpy.bool_'
2026-04-19 13:53:28,513 | ERROR | [PBYI] error: can't adapt type 'numpy.bool_'
2026-04-19 13:53:28,519 | ERROR | [PGR] error: can't adapt type 'numpy.bool_'
2026-04-19 13:53:28,524 | ERROR | [MDXG] error: can't adapt type 'numpy.bool_'
2026-04-19 13:53:28,531 | ERROR | [PRDO] error: can't adapt type 'numpy.bool_'
2026-04-19 13:53:28,536 | ERROR | [TSBK] error: can't adapt type 'numpy.bool_'
2026-04-19 13:53:28,541 | ERROR | [NRDS] error: can't adapt type 'numpy.bool_'
2026-04-19 13:53:28,547 | ERROR | [STRT] error: can't adapt type 'numpy.bool_'
2026-04-19 13:53:28,551 | ERROR | [BANR] error: can't adapt type 'numpy.bool_'
2026-04-19 13:53:28,556 | ERROR | [ARLP] error: can't adapt type 'numpy.bool_'
2026-04-19 13:53:28,562 | ERROR | [PYPL] error: can't adapt type 'numpy.bool_'
2026-04-19 13:53:28,567 | ERROR | [APO] error: can't adapt type 'numpy.bool_'
2026-04-19 13:53:28,572 | ERROR | [BVFL] error: can't adapt type 'numpy.bool_'
2026-04-19 13:53:28,577 | ERROR | [FHI] error: can't adapt type 'numpy.bool_'
2026-04-19 13:53:28,582 | ERROR | [BCML] error: can't adapt type 'numpy.bool_'
2026-04-19 13:53:28,587 | ERROR | [INGR] error: can't adapt type 'numpy.bool_'
2026-04-19 13:53:28,592 | ERROR | [HALO] error: can't adapt type 'numpy.bool_'
2026-04-19 13:53:28,598 | ERROR | [EBMT] error: can't adapt type 'numpy.bool_'
2026-04-19 13:53:28,603 | ERROR | [REPX] error: can't adapt type 'numpy.bool_'
2026-04-19 13:53:28,608 | ERROR | [WEYS] error: can't adapt type 'numpy.bool_'
2026-04-19 13:53:28,613 | ERROR | [LPG] error: can't adapt type 'numpy.bool_'
2026-04-19 13:53:28,618 | ERROR | [SRCE] error: can't adapt type 'numpy.bool_'
2026-04-19 13:53:28,623 | ERROR | [SD] error: can't adapt type 'numpy.bool_'
2026-04-19 13:53:28,628 | ERROR | [OFG] error: can't adapt type 'numpy.bool_'
2026-04-19 13:53:28,633 | ERROR | [RF] error: can't adapt type 'numpy.bool_'
2026-04-19 13:53:28,637 | ERROR | [PIPR] error: can't adapt type 'numpy.bool_'
2026-04-19 13:53:28,642 | ERROR | [ORRF] error: can't adapt type 'numpy.bool_'
2026-04-19 13:53:28,647 | ERROR | [FAF] error: can't adapt type 'numpy.bool_'
2026-04-19 13:53:28,651 | ERROR | [ADBE] error: can't adapt type 'numpy.bool_'
2026-04-19 13:53:28,657 | ERROR | [GPOR] error: can't adapt type 'numpy.bool_'
2026-04-19 13:53:28,662 | ERROR | [CNX] error: can't adapt type 'numpy.bool_'
2026-04-19 13:53:28,667 | ERROR | [SIGI] error: can't adapt type 'numpy.bool_'
2026-04-19 13:53:28,673 | ERROR | [HRB] error: can't adapt type 'numpy.bool_'
2026-04-19 13:53:28,677 | ERROR | [RRC] error: can't adapt type 'numpy.bool_'
2026-04-19 13:53:28,682 | ERROR | [DVN] error: can't adapt type 'numpy.bool_'
2026-04-19 13:53:28,687 | ERROR | [GIII] error: can't adapt type 'numpy.bool_'
2026-04-19 13:53:28,692 | ERROR | [AREN] error: can't adapt type 'numpy.bool_'
2026-04-19 13:53:28,697 | ERROR | [PLMR] error: can't adapt type 'numpy.bool_'
2026-04-19 13:53:28,702 | ERROR | [BBWI] error: can't adapt type 'numpy.bool_'
2026-04-19 13:53:28,707 | ERROR | [RMR] error: can't adapt type 'numpy.bool_'
2026-04-19 13:53:28,712 | ERROR | [VABK] error: can't adapt type 'numpy.bool_'
2026-04-19 13:53:28,717 | ERROR | [VC] error: can't adapt type 'numpy.bool_'
2026-04-19 13:53:28,722 | ERROR | [MGY] error: can't adapt type 'numpy.bool_'
2026-04-19 13:53:28,726 | ERROR | [SMBC] error: can't adapt type 'numpy.bool_'
2026-04-19 13:53:28,731 | ERROR | [INCY] error: can't adapt type 'numpy.bool_'
2026-04-19 13:53:28,736 | ERROR | [KNSL] error: can't adapt type 'numpy.bool_'
2026-04-19 13:53:28,741 | ERROR | [CRC] error: can't adapt type 'numpy.bool_'
2026-04-19 13:53:28,746 | ERROR | [PHM] error: can't adapt type 'numpy.bool_'
2026-04-19 13:53:28,750 | ERROR | [VCTR] error: can't adapt type 'numpy.bool_'
2026-04-19 13:53:28,756 | ERROR | [MO] error: can't adapt type 'numpy.bool_'
2026-04-19 13:53:28,760 | ERROR | [WRB] error: can't adapt type 'numpy.bool_'
2026-04-19 13:53:28,765 | ERROR | [BSM] error: can't adapt type 'numpy.bool_'
2026-04-19 13:53:28,770 | ERROR | [FOX] error: can't adapt type 'numpy.bool_'
2026-04-19 13:53:28,774 | ERROR | [BSVN] error: can't adapt type 'numpy.bool_'
2026-04-19 13:53:28,779 | ERROR | [MTCH] error: can't adapt type 'numpy.bool_'
2026-04-19 13:53:28,779 | INFO | Progreso: 100/748 — OK=0 FAIL=100
2026-04-19 13:53:28,785 | ERROR | [TDW] error: can't adapt type 'numpy.bool_'
2026-04-19 13:53:28,790 | ERROR | [COP] error: can't adapt type 'numpy.bool_'
2026-04-19 13:53:28,795 | ERROR | [SENEA] error: can't adapt type 'numpy.bool_'
2026-04-19 13:53:28,800 | ERROR | [EOG] error: can't adapt type 'numpy.bool_'
2026-04-19 13:53:28,804 | ERROR | [UPWK] error: can't adapt type 'numpy.bool_'
2026-04-19 13:53:28,809 | ERROR | [WU] error: can't adapt type 'numpy.bool_'
2026-04-19 13:53:28,814 | ERROR | [DOX] error: can't adapt type 'numpy.bool_'
2026-04-19 13:53:28,819 | ERROR | [CTSH] error: can't adapt type 'numpy.bool_'
2026-04-19 13:53:28,825 | ERROR | [TRMK] error: can't adapt type 'numpy.bool_'
2026-04-19 13:53:28,830 | ERROR | [TASK] error: can't adapt type 'numpy.bool_'
2026-04-19 13:53:28,837 | ERROR | [TCBI] error: can't adapt type 'numpy.bool_'
2026-04-19 13:53:28,839 | ERROR | [PXED] error: can't adapt type 'numpy.bool_'
2026-04-19 13:53:28,845 | ERROR | [MKL] error: can't adapt type 'numpy.bool_'
2026-04-19 13:53:28,851 | ERROR | [DMLP] error: can't adapt type 'numpy.bool_'
2026-04-19 13:53:28,857 | ERROR | [USCB] error: can't adapt type 'numpy.bool_'
2026-04-19 13:53:28,863 | ERROR | [ASIC] error: can't adapt type 'numpy.bool_'
2026-04-19 13:53:28,869 | ERROR | [CRUS] error: can't adapt type 'numpy.bool_'
2026-04-19 13:53:28,876 | ERROR | [REFI] error: can't adapt type 'numpy.bool_'
2026-04-19 13:53:28,883 | ERROR | [FSBW] error: can't adapt type 'numpy.bool_'
2026-04-19 13:53:28,890 | ERROR | [SCSC] error: can't adapt type 'numpy.bool_'
2026-04-19 13:53:28,897 | ERROR | [IBKR] error: can't adapt type 'numpy.bool_'
2026-04-19 13:53:28,906 | ERROR | [UNTY] error: can't adapt type 'numpy.bool_'
2026-04-19 13:53:28,911 | ERROR | [ETD] error: can't adapt type 'numpy.bool_'
2026-04-19 13:53:28,917 | ERROR | [SNV] error: can't adapt type 'numpy.bool_'
2026-04-19 13:53:28,923 | ERROR | [TWFG] error: can't adapt type 'numpy.bool_'
2026-04-19 13:53:28,930 | ERROR | [FSUN] error: can't adapt type 'numpy.bool_'
2026-04-19 13:53:28,936 | ERROR | [CBT] error: can't adapt type 'numpy.bool_'
2026-04-19 13:53:28,942 | ERROR | [YELP] error: can't adapt type 'numpy.bool_'
2026-04-19 13:53:28,948 | ERROR | [MCRI] error: can't adapt type 'numpy.bool_'
2026-04-19 13:53:28,954 | ERROR | [HQI] error: can't adapt type 'numpy.bool_'
2026-04-19 13:53:28,959 | ERROR | [AIG] error: can't adapt type 'numpy.bool_'
2026-04-19 13:53:28,965 | ERROR | [MTB] error: can't adapt type 'numpy.bool_'
2026-04-19 13:53:28,972 | ERROR | [AIZ] error: can't adapt type 'numpy.bool_'
2026-04-19 13:53:28,978 | ERROR | [MGRC] error: can't adapt type 'numpy.bool_'
2026-04-19 13:53:28,984 | ERROR | [CTRA] error: can't adapt type 'numpy.bool_'
2026-04-19 13:53:28,990 | ERROR | [UCB] error: can't adapt type 'numpy.bool_'
2026-04-19 13:53:28,996 | ERROR | [GDRX] error: can't adapt type 'numpy.bool_'
2026-04-19 13:53:29,002 | ERROR | [INFU] error: can't adapt type 'numpy.bool_'
2026-04-19 13:53:29,008 | ERROR | [IBCP] error: can't adapt type 'numpy.bool_'
2026-04-19 13:53:29,014 | ERROR | [KFY] error: can't adapt type 'numpy.bool_'
2026-04-19 13:53:29,020 | ERROR | [AR] error: can't adapt type 'numpy.bool_'
2026-04-19 13:53:29,028 | ERROR | [TBBK] error: can't adapt type 'numpy.bool_'
2026-04-19 13:53:29,034 | ERROR | [AX] error: can't adapt type 'numpy.bool_'
2026-04-19 13:53:29,039 | ERROR | [BWA] error: can't adapt type 'numpy.bool_'
2026-04-19 13:53:29,044 | ERROR | [PNFP] error: can't adapt type 'numpy.bool_'
2026-04-19 13:53:29,051 | ERROR | [CPF] error: can't adapt type 'numpy.bool_'
2026-04-19 13:53:29,057 | ERROR | [PAYO] error: can't adapt type 'numpy.bool_'
2026-04-19 13:53:29,063 | ERROR | [ESCA] error: can't adapt type 'numpy.bool_'
2026-04-19 13:53:29,069 | ERROR | [FFBC] error: can't adapt type 'numpy.bool_'
2026-04-19 13:53:29,076 | ERROR | [SEIC] error: can't adapt type 'numpy.bool_'
2026-04-19 13:53:29,082 | ERROR | [GL] error: can't adapt type 'numpy.bool_'
2026-04-19 13:53:29,088 | ERROR | [BOH] error: can't adapt type 'numpy.bool_'
2026-04-19 13:53:29,094 | ERROR | [BLBD] error: can't adapt type 'numpy.bool_'
2026-04-19 13:53:29,100 | ERROR | [UBSI] error: can't adapt type 'numpy.bool_'
2026-04-19 13:53:29,107 | ERROR | [STBA] error: can't adapt type 'numpy.bool_'
2026-04-19 13:53:29,115 | ERROR | [MD] error: can't adapt type 'numpy.bool_'
2026-04-19 13:53:29,122 | ERROR | [BIIB] error: can't adapt type 'numpy.bool_'
2026-04-19 13:53:29,128 | ERROR | [OSPN] error: can't adapt type 'numpy.bool_'
2026-04-19 13:53:29,135 | ERROR | [ACIC] error: can't adapt type 'numpy.bool_'
2026-04-19 13:53:29,140 | ERROR | [PEBK] error: can't adapt type 'numpy.bool_'
2026-04-19 13:53:29,146 | ERROR | [HMN] error: can't adapt type 'numpy.bool_'
2026-04-19 13:53:29,152 | ERROR | [TCBK] error: can't adapt type 'numpy.bool_'
2026-04-19 13:53:29,159 | ERROR | [PFG] error: can't adapt type 'numpy.bool_'
2026-04-19 13:53:29,165 | ERROR | [PBH] error: can't adapt type 'numpy.bool_'
2026-04-19 13:53:29,171 | ERROR | [SPFI] error: can't adapt type 'numpy.bool_'
2026-04-19 13:53:29,178 | ERROR | [QCOM] error: can't adapt type 'numpy.bool_'
2026-04-19 13:53:29,184 | ERROR | [NEU] error: can't adapt type 'numpy.bool_'
2026-04-19 13:53:29,190 | ERROR | [DHI] error: can't adapt type 'numpy.bool_'
2026-04-19 13:53:29,198 | ERROR | [TROW] error: can't adapt type 'numpy.bool_'
2026-04-19 13:53:29,205 | ERROR | [EXE] error: can't adapt type 'numpy.bool_'
2026-04-19 13:53:29,215 | ERROR | [MLR] error: can't adapt type 'numpy.bool_'
2026-04-19 13:53:29,220 | ERROR | [MTDR] error: can't adapt type 'numpy.bool_'
2026-04-19 13:53:29,227 | ERROR | [AZZ] error: can't adapt type 'numpy.bool_'
2026-04-19 13:53:29,234 | ERROR | [GABC] error: can't adapt type 'numpy.bool_'
2026-04-19 13:53:29,240 | ERROR | [RCMT] error: can't adapt type 'numpy.bool_'
2026-04-19 13:53:29,248 | ERROR | [MATX] error: can't adapt type 'numpy.bool_'
2026-04-19 13:53:29,255 | ERROR | [EQT] error: can't adapt type 'numpy.bool_'
2026-04-19 13:53:29,262 | ERROR | [BFST] error: can't adapt type 'numpy.bool_'
2026-04-19 13:53:29,270 | ERROR | [BRBR] error: can't adapt type 'numpy.bool_'
2026-04-19 13:53:29,277 | ERROR | [INVX] error: can't adapt type 'numpy.bool_'
2026-04-19 13:53:29,283 | ERROR | [TBCH] error: can't adapt type 'numpy.bool_'
2026-04-19 13:53:29,290 | ERROR | [ZION] error: can't adapt type 'numpy.bool_'
2026-04-19 13:53:29,297 | ERROR | [IBEX] error: can't adapt type 'numpy.bool_'
2026-04-19 13:53:29,305 | ERROR | [CPRX] error: can't adapt type 'numpy.bool_'
2026-04-19 13:53:29,312 | ERROR | [LEGH] error: can't adapt type 'numpy.bool_'
2026-04-19 13:53:29,319 | ERROR | [DEC] error: can't adapt type 'numpy.bool_'
2026-04-19 13:53:29,326 | ERROR | [DECK] error: can't adapt type 'numpy.bool_'
2026-04-19 13:53:29,339 | ERROR | [DBRG] error: can't adapt type 'numpy.bool_'
2026-04-19 13:53:29,346 | ERROR | [UVSP] error: can't adapt type 'numpy.bool_'
2026-04-19 13:53:29,352 | ERROR | [UHS] error: can't adapt type 'numpy.bool_'
2026-04-19 13:53:29,358 | ERROR | [ITRI] error: can't adapt type 'numpy.bool_'
2026-04-19 13:53:29,366 | ERROR | [WSFS] error: can't adapt type 'numpy.bool_'
2026-04-19 13:53:29,372 | ERROR | [HLNE] error: can't adapt type 'numpy.bool_'
2026-04-19 13:53:29,379 | ERROR | [CRM] error: can't adapt type 'numpy.bool_'
2026-04-19 13:53:29,385 | ERROR | [NVR] error: can't adapt type 'numpy.bool_'
2026-04-19 13:53:29,391 | ERROR | [AB] error: can't adapt type 'numpy.bool_'
2026-04-19 13:53:29,397 | ERROR | [ZD] error: can't adapt type 'numpy.bool_'
2026-04-19 13:53:29,403 | ERROR | [FCX] error: can't adapt type 'numpy.bool_'
2026-04-19 13:53:29,411 | ERROR | [CI] error: can't adapt type 'numpy.bool_'
2026-04-19 13:53:29,419 | ERROR | [HOMB] error: can't adapt type 'numpy.bool_'
2026-04-19 13:53:29,420 | INFO | Progreso: 200/748 — OK=0 FAIL=200
2026-04-19 13:53:29,427 | ERROR | [PB] error: can't adapt type 'numpy.bool_'
2026-04-19 13:53:29,434 | ERROR | [IDCC] error: can't adapt type 'numpy.bool_'
2026-04-19 13:53:29,440 | ERROR | [PAYC] error: can't adapt type 'numpy.bool_'
2026-04-19 13:53:29,446 | ERROR | [GRBK] error: can't adapt type 'numpy.bool_'
2026-04-19 13:53:29,453 | ERROR | [SWKS] error: can't adapt type 'numpy.bool_'
2026-04-19 13:53:29,460 | ERROR | [FFIN] error: can't adapt type 'numpy.bool_'
2026-04-19 13:53:29,468 | ERROR | [SSRM] error: can't adapt type 'numpy.bool_'
2026-04-19 13:53:29,476 | ERROR | [OVBC] error: can't adapt type 'numpy.bool_'
2026-04-19 13:53:29,483 | ERROR | [CTBI] error: can't adapt type 'numpy.bool_'
2026-04-19 13:53:29,490 | ERROR | [DSP] error: can't adapt type 'numpy.bool_'
2026-04-19 13:53:29,496 | ERROR | [MLI] error: can't adapt type 'numpy.bool_'
2026-04-19 13:53:29,502 | ERROR | [SFD] error: can't adapt type 'numpy.bool_'
2026-04-19 13:53:29,507 | ERROR | [CET] error: can't adapt type 'numpy.bool_'
2026-04-19 13:53:29,514 | ERROR | [FSLR] error: can't adapt type 'numpy.bool_'
2026-04-19 13:53:29,522 | ERROR | [TOL] error: can't adapt type 'numpy.bool_'
2026-04-19 13:53:29,528 | ERROR | [OPRX] error: can't adapt type 'numpy.bool_'
2026-04-19 13:53:29,535 | ERROR | [FDS] error: can't adapt type 'numpy.bool_'
2026-04-19 13:53:29,541 | ERROR | [ETSY] error: can't adapt type 'numpy.bool_'
2026-04-19 13:53:29,549 | ERROR | [LNTH] error: can't adapt type 'numpy.bool_'
2026-04-19 13:53:29,556 | ERROR | [SIGA] error: can't adapt type 'numpy.bool_'
2026-04-19 13:53:29,563 | ERROR | [NUS] error: can't adapt type 'numpy.bool_'
2026-04-19 13:53:29,569 | ERROR | [VLGEA] error: can't adapt type 'numpy.bool_'
2026-04-19 13:53:29,575 | ERROR | [INGM] error: can't adapt type 'numpy.bool_'
2026-04-19 13:53:29,583 | ERROR | [AOS] error: can't adapt type 'numpy.bool_'
2026-04-19 13:53:29,590 | ERROR | [HFWA] error: can't adapt type 'numpy.bool_'
2026-04-19 13:53:29,602 | ERROR | [ATGE] error: can't adapt type 'numpy.bool_'
2026-04-19 13:53:29,610 | ERROR | [PLBC] error: can't adapt type 'numpy.bool_'
2026-04-19 13:53:29,617 | ERROR | [BAH] error: can't adapt type 'numpy.bool_'
2026-04-19 13:53:29,623 | ERROR | [EVER] error: can't adapt type 'numpy.bool_'
2026-04-19 13:53:29,630 | ERROR | [LXFR] error: can't adapt type 'numpy.bool_'
2026-04-19 13:53:29,637 | ERROR | [TILE] error: can't adapt type 'numpy.bool_'
2026-04-19 13:53:29,644 | ERROR | [SPB] error: can't adapt type 'numpy.bool_'
2026-04-19 13:53:29,651 | ERROR | [FULT] error: can't adapt type 'numpy.bool_'
2026-04-19 13:53:29,659 | ERROR | [CDE] error: can't adapt type 'numpy.bool_'
2026-04-19 13:53:29,666 | ERROR | [ROCK] error: can't adapt type 'numpy.bool_'
2026-04-19 13:53:29,673 | ERROR | [URBN] error: can't adapt type 'numpy.bool_'
2026-04-19 13:53:29,681 | ERROR | [DOCU] error: can't adapt type 'numpy.bool_'
2026-04-19 13:53:29,688 | ERROR | [EVR] error: can't adapt type 'numpy.bool_'
2026-04-19 13:53:29,695 | ERROR | [DAL] error: can't adapt type 'numpy.bool_'
2026-04-19 13:53:29,707 | ERROR | [NXT] error: can't adapt type 'numpy.bool_'
2026-04-19 13:53:29,715 | ERROR | [NATH] error: can't adapt type 'numpy.bool_'
2026-04-19 13:53:29,722 | ERROR | [GNTX] error: can't adapt type 'numpy.bool_'
2026-04-19 13:53:29,729 | ERROR | [LAUR] error: can't adapt type 'numpy.bool_'
2026-04-19 13:53:29,737 | ERROR | [OXLC] error: can't adapt type 'numpy.bool_'
2026-04-19 13:53:29,743 | ERROR | [SSTK] error: can't adapt type 'numpy.bool_'
2026-04-19 13:53:29,750 | ERROR | [SNA] error: can't adapt type 'numpy.bool_'
2026-04-19 13:53:29,757 | ERROR | [QLYS] error: can't adapt type 'numpy.bool_'
2026-04-19 13:53:29,763 | ERROR | [RJF] error: can't adapt type 'numpy.bool_'
2026-04-19 13:53:29,771 | ERROR | [JKHY] error: can't adapt type 'numpy.bool_'
2026-04-19 13:53:29,779 | ERROR | [BRY] error: can't adapt type 'numpy.bool_'
2026-04-19 13:53:29,794 | ERROR | [PHIN] error: can't adapt type 'numpy.bool_'
2026-04-19 13:53:29,801 | ERROR | [BELFA] error: can't adapt type 'numpy.bool_'
2026-04-19 13:53:29,807 | ERROR | [IPAR] error: can't adapt type 'numpy.bool_'
2026-04-19 13:53:29,814 | ERROR | [MKTX] error: can't adapt type 'numpy.bool_'
2026-04-19 13:53:29,821 | ERROR | [FCAP] error: can't adapt type 'numpy.bool_'
2026-04-19 13:53:29,828 | ERROR | [FLXS] error: can't adapt type 'numpy.bool_'
2026-04-19 13:53:29,835 | ERROR | [EBF] error: can't adapt type 'numpy.bool_'
2026-04-19 13:53:29,841 | ERROR | [MCI] error: can't adapt type 'numpy.bool_'
2026-04-19 13:53:29,848 | ERROR | [DFIN] error: can't adapt type 'numpy.bool_'
2026-04-19 13:53:29,856 | ERROR | [AGCO] error: can't adapt type 'numpy.bool_'
2026-04-19 13:53:29,862 | ERROR | [OII] error: can't adapt type 'numpy.bool_'
2026-04-19 13:53:29,870 | ERROR | [MHO] error: can't adapt type 'numpy.bool_'
2026-04-19 13:53:29,877 | ERROR | [LRN] error: can't adapt type 'numpy.bool_'
2026-04-19 13:53:29,884 | ERROR | [GIC] error: can't adapt type 'numpy.bool_'
2026-04-19 13:53:29,890 | ERROR | [UTMD] error: can't adapt type 'numpy.bool_'
2026-04-19 13:53:29,897 | ERROR | [PLAB] error: can't adapt type 'numpy.bool_'
2026-04-19 13:53:29,904 | ERROR | [OSK] error: can't adapt type 'numpy.bool_'
2026-04-19 13:53:29,911 | ERROR | [APOG] error: can't adapt type 'numpy.bool_'
2026-04-19 13:53:29,918 | ERROR | [LNKB] error: can't adapt type 'numpy.bool_'
2026-04-19 13:53:29,924 | ERROR | [PTC] error: can't adapt type 'numpy.bool_'
2026-04-19 13:53:29,930 | ERROR | [RMD] error: can't adapt type 'numpy.bool_'
2026-04-19 13:53:29,937 | ERROR | [YETI] error: can't adapt type 'numpy.bool_'
2026-04-19 13:53:29,943 | ERROR | [RRBI] error: can't adapt type 'numpy.bool_'
2026-04-19 13:53:29,950 | ERROR | [BKTI] error: can't adapt type 'numpy.bool_'
2026-04-19 13:53:29,958 | ERROR | [MAS] error: can't adapt type 'numpy.bool_'
2026-04-19 13:53:29,964 | ERROR | [VLO] error: can't adapt type 'numpy.bool_'
2026-04-19 13:53:29,972 | ERROR | [SPOK] error: can't adapt type 'numpy.bool_'
2026-04-19 13:53:29,979 | ERROR | [UTHR] error: can't adapt type 'numpy.bool_'
2026-04-19 13:53:29,985 | ERROR | [BPOP] error: can't adapt type 'numpy.bool_'
2026-04-19 13:53:29,992 | ERROR | [HAYW] error: can't adapt type 'numpy.bool_'
2026-04-19 13:53:29,998 | ERROR | [SLB] error: can't adapt type 'numpy.bool_'
2026-04-19 13:53:30,005 | ERROR | [EZPW] error: can't adapt type 'numpy.bool_'
2026-04-19 13:53:30,012 | ERROR | [EXEL] error: can't adapt type 'numpy.bool_'
2026-04-19 13:53:30,019 | ERROR | [ESQ] error: can't adapt type 'numpy.bool_'
2026-04-19 13:53:30,026 | ERROR | [HBB] error: can't adapt type 'numpy.bool_'
2026-04-19 13:53:30,033 | ERROR | [JOE] error: can't adapt type 'numpy.bool_'
2026-04-19 13:53:30,040 | ERROR | [SNX] error: can't adapt type 'numpy.bool_'
2026-04-19 13:53:30,047 | ERROR | [ACIW] error: can't adapt type 'numpy.bool_'
2026-04-19 13:53:30,054 | ERROR | [ODC] error: can't adapt type 'numpy.bool_'
2026-04-19 13:53:30,061 | ERROR | [CFG] error: can't adapt type 'numpy.bool_'
2026-04-19 13:53:30,069 | ERROR | [BKNG] error: can't adapt type 'numpy.bool_'
2026-04-19 13:53:30,092 | ERROR | [TW] error: can't adapt type 'numpy.bool_'
2026-04-19 13:53:30,103 | ERROR | [TMP] error: can't adapt type 'numpy.bool_'
2026-04-19 13:53:30,114 | ERROR | [INVA] error: can't adapt type 'numpy.bool_'
2026-04-19 13:53:30,122 | ERROR | [PEGA] error: can't adapt type 'numpy.bool_'
2026-04-19 13:53:30,130 | ERROR | [ALG] error: can't adapt type 'numpy.bool_'
2026-04-19 13:53:30,138 | ERROR | [KBH] error: can't adapt type 'numpy.bool_'
2026-04-19 13:53:30,146 | ERROR | [FVR] error: can't adapt type 'numpy.bool_'
2026-04-19 13:53:30,154 | ERROR | [TTD] error: can't adapt type 'numpy.bool_'
2026-04-19 13:53:30,162 | ERROR | [SYBT] error: can't adapt type 'numpy.bool_'
2026-04-19 13:53:30,162 | INFO | Progreso: 300/748 — OK=0 FAIL=300
2026-04-19 13:53:30,171 | ERROR | [CTS] error: can't adapt type 'numpy.bool_'
2026-04-19 13:53:30,178 | ERROR | [INTU] error: can't adapt type 'numpy.bool_'
2026-04-19 13:53:30,185 | ERROR | [ASO] error: can't adapt type 'numpy.bool_'
2026-04-19 13:53:30,193 | ERROR | [CHE] error: can't adapt type 'numpy.bool_'
2026-04-19 13:53:30,201 | ERROR | [MU] error: can't adapt type 'numpy.bool_'
2026-04-19 13:53:30,206 | ERROR | [TRAK] error: can't adapt type 'numpy.bool_'
2026-04-19 13:53:30,213 | ERROR | [LKFN] error: can't adapt type 'numpy.bool_'
2026-04-19 13:53:30,220 | ERROR | [NLOP] error: can't adapt type 'numpy.bool_'
2026-04-19 13:53:30,226 | ERROR | [ALGN] error: can't adapt type 'numpy.bool_'
2026-04-19 13:53:30,232 | ERROR | [MKC] error: can't adapt type 'numpy.bool_'
2026-04-19 13:53:30,237 | ERROR | [ROP] error: can't adapt type 'numpy.bool_'
2026-04-19 13:53:30,245 | ERROR | [SMPL] error: can't adapt type 'numpy.bool_'
2026-04-19 13:53:30,253 | ERROR | [DLB] error: can't adapt type 'numpy.bool_'
2026-04-19 13:53:30,261 | ERROR | [MCK] error: can't adapt type 'numpy.bool_'
2026-04-19 13:53:30,268 | ERROR | [GGG] error: can't adapt type 'numpy.bool_'
2026-04-19 13:53:30,276 | ERROR | [BBSI] error: can't adapt type 'numpy.bool_'
2026-04-19 13:53:30,284 | ERROR | [LNN] error: can't adapt type 'numpy.bool_'
2026-04-19 13:53:30,291 | ERROR | [REGN] error: can't adapt type 'numpy.bool_'
2026-04-19 13:53:30,298 | ERROR | [STRA] error: can't adapt type 'numpy.bool_'
2026-04-19 13:53:30,304 | ERROR | [ZM] error: can't adapt type 'numpy.bool_'
2026-04-19 13:53:30,311 | ERROR | [CBSH] error: can't adapt type 'numpy.bool_'
2026-04-19 13:53:30,318 | ERROR | [REYN] error: can't adapt type 'numpy.bool_'
2026-04-19 13:53:30,324 | ERROR | [GIFI] error: can't adapt type 'numpy.bool_'
2026-04-19 13:53:30,331 | ERROR | [SCVL] error: can't adapt type 'numpy.bool_'
2026-04-19 13:53:30,338 | ERROR | [EPAC] error: can't adapt type 'numpy.bool_'
2026-04-19 13:53:30,345 | ERROR | [DELL] error: can't adapt type 'numpy.bool_'
2026-04-19 13:53:30,353 | ERROR | [VRRM] error: can't adapt type 'numpy.bool_'
2026-04-19 13:53:30,361 | ERROR | [HCSG] error: can't adapt type 'numpy.bool_'
2026-04-19 13:53:30,369 | ERROR | [DAVE] error: can't adapt type 'numpy.bool_'
2026-04-19 13:53:30,376 | ERROR | [NFG] error: can't adapt type 'numpy.bool_'
2026-04-19 13:53:30,384 | ERROR | [III] error: can't adapt type 'numpy.bool_'
2026-04-19 13:53:30,391 | ERROR | [CASS] error: can't adapt type 'numpy.bool_'
2026-04-19 13:53:30,398 | ERROR | [AYI] error: can't adapt type 'numpy.bool_'
2026-04-19 13:53:30,405 | ERROR | [ADP] error: can't adapt type 'numpy.bool_'
2026-04-19 13:53:30,412 | ERROR | [CIX] error: can't adapt type 'numpy.bool_'
2026-04-19 13:53:30,419 | ERROR | [SHBI] error: can't adapt type 'numpy.bool_'
2026-04-19 13:53:30,426 | ERROR | [TTC] error: can't adapt type 'numpy.bool_'
2026-04-19 13:53:30,434 | ERROR | [MPV] error: can't adapt type 'numpy.bool_'
2026-04-19 13:53:30,442 | ERROR | [ENS] error: can't adapt type 'numpy.bool_'
2026-04-19 13:53:30,449 | ERROR | [FANG] error: can't adapt type 'numpy.bool_'
2026-04-19 13:53:30,456 | ERROR | [MNSB] error: can't adapt type 'numpy.bool_'
2026-04-19 13:53:30,464 | ERROR | [CLX] error: can't adapt type 'numpy.bool_'
2026-04-19 13:53:30,470 | ERROR | [TGT] error: can't adapt type 'numpy.bool_'
2026-04-19 13:53:30,477 | ERROR | [TPC] error: can't adapt type 'numpy.bool_'
2026-04-19 13:53:30,484 | ERROR | [BRC] error: can't adapt type 'numpy.bool_'
2026-04-19 13:53:30,489 | ERROR | [WHD] error: can't adapt type 'numpy.bool_'
2026-04-19 13:53:30,496 | ERROR | [ADUS] error: can't adapt type 'numpy.bool_'
2026-04-19 13:53:30,504 | ERROR | [FXNC] error: can't adapt type 'numpy.bool_'
2026-04-19 13:53:30,510 | ERROR | [PLOW] error: can't adapt type 'numpy.bool_'
2026-04-19 13:53:30,516 | ERROR | [CBOE] error: can't adapt type 'numpy.bool_'
2026-04-19 13:53:30,522 | ERROR | [HQH] error: can't adapt type 'numpy.bool_'
2026-04-19 13:53:30,528 | ERROR | [MC] error: can't adapt type 'numpy.bool_'
2026-04-19 13:53:30,536 | ERROR | [IDT] error: can't adapt type 'numpy.bool_'
2026-04-19 13:53:30,543 | ERROR | [AMWD] error: can't adapt type 'numpy.bool_'
2026-04-19 13:53:30,551 | ERROR | [INSW] error: can't adapt type 'numpy.bool_'
2026-04-19 13:53:30,558 | ERROR | [BMRN] error: can't adapt type 'numpy.bool_'
2026-04-19 13:53:30,565 | ERROR | [UFPI] error: can't adapt type 'numpy.bool_'
2026-04-19 13:53:30,572 | ERROR | [NE] error: can't adapt type 'numpy.bool_'
2026-04-19 13:53:30,580 | ERROR | [FOR] error: can't adapt type 'numpy.bool_'
2026-04-19 13:53:30,587 | ERROR | [KRT] error: can't adapt type 'numpy.bool_'
2026-04-19 13:53:30,594 | ERROR | [NHC] error: can't adapt type 'numpy.bool_'
2026-04-19 13:53:30,601 | ERROR | [HAL] error: can't adapt type 'numpy.bool_'
2026-04-19 13:53:30,609 | ERROR | [LYTS] error: can't adapt type 'numpy.bool_'
2026-04-19 13:53:30,616 | ERROR | [KEX] error: can't adapt type 'numpy.bool_'
2026-04-19 13:53:30,623 | ERROR | [ANIP] error: can't adapt type 'numpy.bool_'
2026-04-19 13:53:30,629 | ERROR | [ZBRA] error: can't adapt type 'numpy.bool_'
2026-04-19 13:53:30,636 | ERROR | [LB] error: can't adapt type 'numpy.bool_'
2026-04-19 13:53:30,643 | ERROR | [V] error: can't adapt type 'numpy.bool_'
2026-04-19 13:53:30,649 | ERROR | [XPEL] error: can't adapt type 'numpy.bool_'
2026-04-19 13:53:30,655 | ERROR | [ITIC] error: can't adapt type 'numpy.bool_'
2026-04-19 13:53:30,661 | ERROR | [UVV] error: can't adapt type 'numpy.bool_'
2026-04-19 13:53:30,669 | ERROR | [DINO] error: can't adapt type 'numpy.bool_'
2026-04-19 13:53:30,675 | ERROR | [EXLS] error: can't adapt type 'numpy.bool_'
2026-04-19 13:53:30,683 | ERROR | [ISSC] error: can't adapt type 'numpy.bool_'
2026-04-19 13:53:30,689 | ERROR | [PM] error: can't adapt type 'numpy.bool_'
2026-04-19 13:53:30,695 | ERROR | [NWBI] error: can't adapt type 'numpy.bool_'
2026-04-19 13:53:30,703 | ERROR | [WMS] error: can't adapt type 'numpy.bool_'
2026-04-19 13:53:30,710 | ERROR | [TG] error: can't adapt type 'numpy.bool_'
2026-04-19 13:53:30,717 | ERROR | [SSD] error: can't adapt type 'numpy.bool_'
2026-04-19 13:53:30,724 | ERROR | [ABBV] error: can't adapt type 'numpy.bool_'
2026-04-19 13:53:30,731 | ERROR | [MCFT] error: can't adapt type 'numpy.bool_'
2026-04-19 13:53:30,739 | ERROR | [THO] error: can't adapt type 'numpy.bool_'
2026-04-19 13:53:30,746 | ERROR | [NFLX] error: can't adapt type 'numpy.bool_'
2026-04-19 13:53:30,753 | ERROR | [NWPX] error: can't adapt type 'numpy.bool_'
2026-04-19 13:53:30,760 | ERROR | [GTES] error: can't adapt type 'numpy.bool_'
2026-04-19 13:53:30,770 | ERROR | [OTTR] error: can't adapt type 'numpy.bool_'
2026-04-19 13:53:30,777 | ERROR | [DCOM] error: can't adapt type 'numpy.bool_'
2026-04-19 13:53:30,785 | ERROR | [GRC] error: can't adapt type 'numpy.bool_'
2026-04-19 13:53:30,791 | ERROR | [WINA] error: can't adapt type 'numpy.bool_'
2026-04-19 13:53:30,797 | ERROR | [ESP] error: can't adapt type 'numpy.bool_'
2026-04-19 13:53:30,803 | ERROR | [SMID] error: can't adapt type 'numpy.bool_'
2026-04-19 13:53:30,810 | ERROR | [MGNI] error: can't adapt type 'numpy.bool_'
2026-04-19 13:53:30,821 | ERROR | [FCN] error: can't adapt type 'numpy.bool_'
2026-04-19 13:53:30,828 | ERROR | [PPG] error: can't adapt type 'numpy.bool_'
2026-04-19 13:53:30,834 | ERROR | [TREX] error: can't adapt type 'numpy.bool_'
2026-04-19 13:53:30,839 | ERROR | [PSN] error: can't adapt type 'numpy.bool_'
2026-04-19 13:53:30,845 | ERROR | [SPGI] error: can't adapt type 'numpy.bool_'
2026-04-19 13:53:30,850 | ERROR | [CART] error: can't adapt type 'numpy.bool_'
2026-04-19 13:53:30,856 | ERROR | [NWSA] error: can't adapt type 'numpy.bool_'
2026-04-19 13:53:30,863 | ERROR | [VMD] error: can't adapt type 'numpy.bool_'
2026-04-19 13:53:30,864 | INFO | Progreso: 400/748 — OK=0 FAIL=400
2026-04-19 13:53:30,870 | ERROR | [CARG] error: can't adapt type 'numpy.bool_'
2026-04-19 13:53:30,877 | ERROR | [MSCI] error: can't adapt type 'numpy.bool_'
2026-04-19 13:53:30,883 | ERROR | [HII] error: can't adapt type 'numpy.bool_'
2026-04-19 13:53:30,890 | ERROR | [SKY] error: can't adapt type 'numpy.bool_'
2026-04-19 13:53:30,896 | ERROR | [MSA] error: can't adapt type 'numpy.bool_'
2026-04-19 13:53:30,903 | ERROR | [SAM] error: can't adapt type 'numpy.bool_'
2026-04-19 13:53:30,911 | ERROR | [KGS] error: can't adapt type 'numpy.bool_'
2026-04-19 13:53:30,919 | ERROR | [DGII] error: can't adapt type 'numpy.bool_'
2026-04-19 13:53:30,926 | ERROR | [LEVI] error: can't adapt type 'numpy.bool_'
2026-04-19 13:53:30,933 | ERROR | [FNB] error: can't adapt type 'numpy.bool_'
2026-04-19 13:53:30,940 | ERROR | [NATR] error: can't adapt type 'numpy.bool_'
2026-04-19 13:53:30,946 | ERROR | [UFPT] error: can't adapt type 'numpy.bool_'
2026-04-19 13:53:30,953 | ERROR | [BKR] error: can't adapt type 'numpy.bool_'
2026-04-19 13:53:30,959 | ERROR | [HOLX] error: can't adapt type 'numpy.bool_'
2026-04-19 13:53:30,966 | ERROR | [CTRE] error: can't adapt type 'numpy.bool_'
2026-04-19 13:53:30,972 | ERROR | [HQY] error: can't adapt type 'numpy.bool_'
2026-04-19 13:53:30,978 | ERROR | [PG] error: can't adapt type 'numpy.bool_'
2026-04-19 13:53:30,984 | ERROR | [ICE] error: can't adapt type 'numpy.bool_'
2026-04-19 13:53:30,990 | ERROR | [TKR] error: can't adapt type 'numpy.bool_'
2026-04-19 13:53:30,998 | ERROR | [NYT] error: can't adapt type 'numpy.bool_'
2026-04-19 13:53:31,004 | ERROR | [UBER] error: can't adapt type 'numpy.bool_'
2026-04-19 13:53:31,011 | ERROR | [REVG] error: can't adapt type 'numpy.bool_'
2026-04-19 13:53:31,017 | ERROR | [TTEK] error: can't adapt type 'numpy.bool_'
2026-04-19 13:53:31,024 | ERROR | [AIT] error: can't adapt type 'numpy.bool_'
2026-04-19 13:53:31,031 | ERROR | [JBSS] error: can't adapt type 'numpy.bool_'
2026-04-19 13:53:31,037 | ERROR | [XOM] error: can't adapt type 'numpy.bool_'
2026-04-19 13:53:31,044 | ERROR | [KVUE] error: can't adapt type 'numpy.bool_'
2026-04-19 13:53:31,050 | ERROR | [CAH] error: can't adapt type 'numpy.bool_'
2026-04-19 13:53:31,058 | ERROR | [HLI] error: can't adapt type 'numpy.bool_'
2026-04-19 13:53:31,064 | ERROR | [OPCH] error: can't adapt type 'numpy.bool_'
2026-04-19 13:53:31,073 | ERROR | [NATL] error: can't adapt type 'numpy.bool_'
2026-04-19 13:53:31,079 | ERROR | [JNJ] error: can't adapt type 'numpy.bool_'
2026-04-19 13:53:31,092 | ERROR | [MWA] error: can't adapt type 'numpy.bool_'
2026-04-19 13:53:31,099 | ERROR | [CHD] error: can't adapt type 'numpy.bool_'
2026-04-19 13:53:31,105 | ERROR | [NDSN] error: can't adapt type 'numpy.bool_'
2026-04-19 13:53:31,111 | ERROR | [WNEB] error: can't adapt type 'numpy.bool_'
2026-04-19 13:53:31,118 | ERROR | [DOCS] error: can't adapt type 'numpy.bool_'
2026-04-19 13:53:31,125 | ERROR | [EPAM] error: can't adapt type 'numpy.bool_'
2026-04-19 13:53:31,131 | ERROR | [CMC] error: can't adapt type 'numpy.bool_'
2026-04-19 13:53:31,138 | ERROR | [COKE] error: can't adapt type 'numpy.bool_'
2026-04-19 13:53:31,144 | ERROR | [CVCO] error: can't adapt type 'numpy.bool_'
2026-04-19 13:53:31,151 | ERROR | [LOW] error: can't adapt type 'numpy.bool_'
2026-04-19 13:53:31,159 | ERROR | [CSCO] error: can't adapt type 'numpy.bool_'
2026-04-19 13:53:31,168 | ERROR | [SLQT] error: can't adapt type 'numpy.bool_'
2026-04-19 13:53:31,174 | ERROR | [META] error: can't adapt type 'numpy.bool_'
2026-04-19 13:53:31,181 | ERROR | [CTVA] error: can't adapt type 'numpy.bool_'
2026-04-19 13:53:31,188 | ERROR | [ELMD] error: can't adapt type 'numpy.bool_'
2026-04-19 13:53:31,194 | ERROR | [EME] error: can't adapt type 'numpy.bool_'
2026-04-19 13:53:31,202 | ERROR | [VRTX] error: can't adapt type 'numpy.bool_'
2026-04-19 13:53:31,210 | ERROR | [FTV] error: can't adapt type 'numpy.bool_'
2026-04-19 13:53:31,215 | ERROR | [WTS] error: can't adapt type 'numpy.bool_'
2026-04-19 13:53:31,223 | ERROR | [IEX] error: can't adapt type 'numpy.bool_'
2026-04-19 13:53:31,235 | ERROR | [PCTY] error: can't adapt type 'numpy.bool_'
2026-04-19 13:53:31,241 | ERROR | [FELE] error: can't adapt type 'numpy.bool_'
2026-04-19 13:53:31,249 | ERROR | [HSTM] error: can't adapt type 'numpy.bool_'
2026-04-19 13:53:31,256 | ERROR | [DXCM] error: can't adapt type 'numpy.bool_'
2026-04-19 13:53:31,264 | ERROR | [MZTI] error: can't adapt type 'numpy.bool_'
2026-04-19 13:53:31,271 | ERROR | [VMI] error: can't adapt type 'numpy.bool_'
2026-04-19 13:53:31,277 | ERROR | [CLMB] error: can't adapt type 'numpy.bool_'
2026-04-19 13:53:31,284 | ERROR | [THR] error: can't adapt type 'numpy.bool_'
2026-04-19 13:53:31,289 | ERROR | [PGNY] error: can't adapt type 'numpy.bool_'
2026-04-19 13:53:31,296 | ERROR | [ULTA] error: can't adapt type 'numpy.bool_'
2026-04-19 13:53:31,304 | ERROR | [LRCX] error: can't adapt type 'numpy.bool_'
2026-04-19 13:53:31,310 | ERROR | [MNST] error: can't adapt type 'numpy.bool_'
2026-04-19 13:53:31,316 | ERROR | [ASIX] error: can't adapt type 'numpy.bool_'
2026-04-19 13:53:31,324 | ERROR | [IIIN] error: can't adapt type 'numpy.bool_'
2026-04-19 13:53:31,332 | ERROR | [APEI] error: can't adapt type 'numpy.bool_'
2026-04-19 13:53:31,340 | ERROR | [NVDA] error: can't adapt type 'numpy.bool_'
2026-04-19 13:53:31,346 | ERROR | [LMB] error: can't adapt type 'numpy.bool_'
2026-04-19 13:53:31,352 | ERROR | [JJSF] error: can't adapt type 'numpy.bool_'
2026-04-19 13:53:31,358 | ERROR | [LOPE] error: can't adapt type 'numpy.bool_'
2026-04-19 13:53:31,365 | ERROR | [CXDO] error: can't adapt type 'numpy.bool_'
2026-04-19 13:53:31,371 | ERROR | [RMBS] error: can't adapt type 'numpy.bool_'
2026-04-19 13:53:31,378 | ERROR | [EGY] error: can't adapt type 'numpy.bool_'
2026-04-19 13:53:31,384 | ERROR | [JLL] error: can't adapt type 'numpy.bool_'
2026-04-19 13:53:31,392 | ERROR | [KFRC] error: can't adapt type 'numpy.bool_'
2026-04-19 13:53:31,398 | ERROR | [WDC] error: can't adapt type 'numpy.bool_'
2026-04-19 13:53:31,406 | ERROR | [DIS] error: can't adapt type 'numpy.bool_'
2026-04-19 13:53:31,412 | ERROR | [WLDN] error: can't adapt type 'numpy.bool_'
2026-04-19 13:53:31,420 | ERROR | [DCI] error: can't adapt type 'numpy.bool_'
2026-04-19 13:53:31,427 | ERROR | [ATR] error: can't adapt type 'numpy.bool_'
2026-04-19 13:53:31,434 | ERROR | [YOU] error: can't adapt type 'numpy.bool_'
2026-04-19 13:53:31,442 | ERROR | [HUBG] error: can't adapt type 'numpy.bool_'
2026-04-19 13:53:31,456 | ERROR | [TCMD] error: can't adapt type 'numpy.bool_'
2026-04-19 13:53:31,462 | ERROR | [WDAY] error: can't adapt type 'numpy.bool_'
2026-04-19 13:53:31,467 | ERROR | [POOL] error: can't adapt type 'numpy.bool_'
2026-04-19 13:53:31,474 | ERROR | [EA] error: can't adapt type 'numpy.bool_'
2026-04-19 13:53:31,481 | ERROR | [ABT] error: can't adapt type 'numpy.bool_'
2026-04-19 13:53:31,487 | ERROR | [NEN] error: can't adapt type 'numpy.bool_'
2026-04-19 13:53:31,494 | ERROR | [DORM] error: can't adapt type 'numpy.bool_'
2026-04-19 13:53:31,501 | ERROR | [TXT] error: can't adapt type 'numpy.bool_'
2026-04-19 13:53:31,508 | ERROR | [MTD] error: can't adapt type 'numpy.bool_'
2026-04-19 13:53:31,517 | ERROR | [MMSI] error: can't adapt type 'numpy.bool_'
2026-04-19 13:53:31,524 | ERROR | [A] error: can't adapt type 'numpy.bool_'
2026-04-19 13:53:31,530 | ERROR | [DOV] error: can't adapt type 'numpy.bool_'
2026-04-19 13:53:31,538 | ERROR | [FSS] error: can't adapt type 'numpy.bool_'
2026-04-19 13:53:31,545 | ERROR | [GD] error: can't adapt type 'numpy.bool_'
2026-04-19 13:53:31,552 | ERROR | [ACU] error: can't adapt type 'numpy.bool_'
2026-04-19 13:53:31,559 | ERROR | [MSFT] error: can't adapt type 'numpy.bool_'
2026-04-19 13:53:31,565 | ERROR | [DDS] error: can't adapt type 'numpy.bool_'
2026-04-19 13:53:31,566 | INFO | Progreso: 500/748 — OK=0 FAIL=500
2026-04-19 13:53:31,577 | ERROR | [LYFT] error: can't adapt type 'numpy.bool_'
2026-04-19 13:53:31,584 | ERROR | [AME] error: can't adapt type 'numpy.bool_'
2026-04-19 13:53:31,591 | ERROR | [ALNT] error: can't adapt type 'numpy.bool_'
2026-04-19 13:53:31,597 | ERROR | [AWI] error: can't adapt type 'numpy.bool_'
2026-04-19 13:53:31,602 | ERROR | [UI] error: can't adapt type 'numpy.bool_'
2026-04-19 13:53:31,608 | ERROR | [MSM] error: can't adapt type 'numpy.bool_'
2026-04-19 13:53:31,614 | ERROR | [TYL] error: can't adapt type 'numpy.bool_'
2026-04-19 13:53:31,620 | ERROR | [ELV] error: can't adapt type 'numpy.bool_'
2026-04-19 13:53:31,627 | ERROR | [CMT] error: can't adapt type 'numpy.bool_'
2026-04-19 13:53:31,633 | ERROR | [TDY] error: can't adapt type 'numpy.bool_'
2026-04-19 13:53:31,640 | ERROR | [PCAR] error: can't adapt type 'numpy.bool_'
2026-04-19 13:53:31,647 | ERROR | [FIZZ] error: can't adapt type 'numpy.bool_'
2026-04-19 13:53:31,653 | ERROR | [PANW] error: can't adapt type 'numpy.bool_'
2026-04-19 13:53:31,659 | ERROR | [MVST] error: can't adapt type 'numpy.bool_'
2026-04-19 13:53:31,666 | ERROR | [SN] error: can't adapt type 'numpy.bool_'
2026-04-19 13:53:31,671 | ERROR | [RSG] error: can't adapt type 'numpy.bool_'
2026-04-19 13:53:31,678 | ERROR | [KMT] error: can't adapt type 'numpy.bool_'
2026-04-19 13:53:31,685 | ERROR | [ACLS] error: can't adapt type 'numpy.bool_'
2026-04-19 13:53:31,691 | ERROR | [SPSC] error: can't adapt type 'numpy.bool_'
2026-04-19 13:53:31,698 | ERROR | [HUBB] error: can't adapt type 'numpy.bool_'
2026-04-19 13:53:31,705 | ERROR | [NTNX] error: can't adapt type 'numpy.bool_'
2026-04-19 13:53:31,711 | ERROR | [ELF] error: can't adapt type 'numpy.bool_'
2026-04-19 13:53:31,718 | ERROR | [DUOL] error: can't adapt type 'numpy.bool_'
2026-04-19 13:53:31,725 | ERROR | [CSW] error: can't adapt type 'numpy.bool_'
2026-04-19 13:53:31,730 | ERROR | [XYZ] error: can't adapt type 'numpy.bool_'
2026-04-19 13:53:31,737 | ERROR | [RELY] error: can't adapt type 'numpy.bool_'
2026-04-19 13:53:31,743 | ERROR | [MYRG] error: can't adapt type 'numpy.bool_'
2026-04-19 13:53:31,750 | ERROR | [IDXX] error: can't adapt type 'numpy.bool_'
2026-04-19 13:53:31,756 | ERROR | [GRDN] error: can't adapt type 'numpy.bool_'
2026-04-19 13:53:31,763 | ERROR | [PAYS] error: can't adapt type 'numpy.bool_'
2026-04-19 13:53:31,769 | ERROR | [ITT] error: can't adapt type 'numpy.bool_'
2026-04-19 13:53:31,777 | ERROR | [FRPT] error: can't adapt type 'numpy.bool_'
2026-04-19 13:53:31,783 | ERROR | [NBIX] error: can't adapt type 'numpy.bool_'
2026-04-19 13:53:31,789 | ERROR | [WDFC] error: can't adapt type 'numpy.bool_'
2026-04-19 13:53:31,795 | ERROR | [PLNT] error: can't adapt type 'numpy.bool_'
2026-04-19 13:53:31,802 | ERROR | [IOSP] error: can't adapt type 'numpy.bool_'
2026-04-19 13:53:31,809 | ERROR | [WAB] error: can't adapt type 'numpy.bool_'
2026-04-19 13:53:31,816 | ERROR | [LMAT] error: can't adapt type 'numpy.bool_'
2026-04-19 13:53:31,822 | ERROR | [ODFL] error: can't adapt type 'numpy.bool_'
2026-04-19 13:53:31,830 | ERROR | [ABNB] error: can't adapt type 'numpy.bool_'
2026-04-19 13:53:31,842 | ERROR | [RUSHA] error: can't adapt type 'numpy.bool_'
2026-04-19 13:53:31,848 | ERROR | [RCKY] error: can't adapt type 'numpy.bool_'
2026-04-19 13:53:31,856 | ERROR | [BCPC] error: can't adapt type 'numpy.bool_'
2026-04-19 13:53:31,863 | ERROR | [FBK] error: can't adapt type 'numpy.bool_'
2026-04-19 13:53:31,870 | ERROR | [AVO] error: can't adapt type 'numpy.bool_'
2026-04-19 13:53:31,877 | ERROR | [FFIV] error: can't adapt type 'numpy.bool_'
2026-04-19 13:53:31,885 | ERROR | [KAI] error: can't adapt type 'numpy.bool_'
2026-04-19 13:53:31,891 | ERROR | [CR] error: can't adapt type 'numpy.bool_'
2026-04-19 13:53:31,905 | ERROR | [IMMR] error: can't adapt type 'numpy.bool_'
2026-04-19 13:53:31,910 | ERROR | [PH] error: can't adapt type 'numpy.bool_'
2026-04-19 13:53:31,917 | ERROR | [BWMN] error: can't adapt type 'numpy.bool_'
2026-04-19 13:53:31,922 | ERROR | [MEDP] error: can't adapt type 'numpy.bool_'
2026-04-19 13:53:31,929 | ERROR | [WAT] error: can't adapt type 'numpy.bool_'
2026-04-19 13:53:31,936 | ERROR | [NOW] error: can't adapt type 'numpy.bool_'
2026-04-19 13:53:31,942 | ERROR | [SCCO] error: can't adapt type 'numpy.bool_'
2026-04-19 13:53:31,949 | ERROR | [ADMA] error: can't adapt type 'numpy.bool_'
2026-04-19 13:53:31,956 | ERROR | [TAYD] error: can't adapt type 'numpy.bool_'
2026-04-19 13:53:31,963 | ERROR | [BMI] error: can't adapt type 'numpy.bool_'
2026-04-19 13:53:31,969 | ERROR | [COIN] error: can't adapt type 'numpy.bool_'
2026-04-19 13:53:31,977 | ERROR | [HL] error: can't adapt type 'numpy.bool_'
2026-04-19 13:53:31,985 | ERROR | [MPTI] error: can't adapt type 'numpy.bool_'
2026-04-19 13:53:31,992 | ERROR | [HGTY] error: can't adapt type 'numpy.bool_'
2026-04-19 13:53:31,998 | ERROR | [STRL] error: can't adapt type 'numpy.bool_'
2026-04-19 13:53:32,007 | ERROR | [CRAI] error: can't adapt type 'numpy.bool_'
2026-04-19 13:53:32,015 | ERROR | [AMAT] error: can't adapt type 'numpy.bool_'
2026-04-19 13:53:32,030 | ERROR | [JBHT] error: can't adapt type 'numpy.bool_'
2026-04-19 13:53:32,039 | ERROR | [ERIE] error: can't adapt type 'numpy.bool_'
2026-04-19 13:53:32,046 | ERROR | [IR] error: can't adapt type 'numpy.bool_'
2026-04-19 13:53:32,055 | ERROR | [ESAB] error: can't adapt type 'numpy.bool_'
2026-04-19 13:53:32,061 | ERROR | [VEEV] error: can't adapt type 'numpy.bool_'
2026-04-19 13:53:32,069 | ERROR | [MANH] error: can't adapt type 'numpy.bool_'
2026-04-19 13:53:32,077 | ERROR | [LSTR] error: can't adapt type 'numpy.bool_'
2026-04-19 13:53:32,084 | ERROR | [BLK] error: can't adapt type 'numpy.bool_'
2026-04-19 13:53:32,091 | ERROR | [COLM] error: can't adapt type 'numpy.bool_'
2026-04-19 13:53:32,098 | ERROR | [CDNS] error: can't adapt type 'numpy.bool_'
2026-04-19 13:53:32,104 | ERROR | [LQDT] error: can't adapt type 'numpy.bool_'
2026-04-19 13:53:32,111 | ERROR | [CPRT] error: can't adapt type 'numpy.bool_'
2026-04-19 13:53:32,117 | ERROR | [FAST] error: can't adapt type 'numpy.bool_'
2026-04-19 13:53:32,123 | ERROR | [PRIM] error: can't adapt type 'numpy.bool_'
2026-04-19 13:53:32,130 | ERROR | [CTAS] error: can't adapt type 'numpy.bool_'
2026-04-19 13:53:32,138 | ERROR | [AA] error: can't adapt type 'numpy.bool_'
2026-04-19 13:53:32,146 | ERROR | [HNRG] error: can't adapt type 'numpy.bool_'
2026-04-19 13:53:32,154 | ERROR | [HRL] error: can't adapt type 'numpy.bool_'
2026-04-19 13:53:32,162 | ERROR | [BSX] error: can't adapt type 'numpy.bool_'
2026-04-19 13:53:32,170 | ERROR | [SYK] error: can't adapt type 'numpy.bool_'
2026-04-19 13:53:32,177 | ERROR | [PSX] error: can't adapt type 'numpy.bool_'
2026-04-19 13:53:32,185 | ERROR | [CVGW] error: can't adapt type 'numpy.bool_'
2026-04-19 13:53:32,192 | ERROR | [BOOT] error: can't adapt type 'numpy.bool_'
2026-04-19 13:53:32,198 | ERROR | [NSSC] error: can't adapt type 'numpy.bool_'
2026-04-19 13:53:32,207 | ERROR | [EMR] error: can't adapt type 'numpy.bool_'
2026-04-19 13:53:32,213 | ERROR | [TR] error: can't adapt type 'numpy.bool_'
2026-04-19 13:53:32,220 | ERROR | [EGAN] error: can't adapt type 'numpy.bool_'
2026-04-19 13:53:32,226 | ERROR | [RS] error: can't adapt type 'numpy.bool_'
2026-04-19 13:53:32,233 | ERROR | [WST] error: can't adapt type 'numpy.bool_'
2026-04-19 13:53:32,242 | ERROR | [CMI] error: can't adapt type 'numpy.bool_'
2026-04-19 13:53:32,249 | ERROR | [AGX] error: can't adapt type 'numpy.bool_'
2026-04-19 13:53:32,257 | ERROR | [FIX] error: can't adapt type 'numpy.bool_'
2026-04-19 13:53:32,264 | ERROR | [PINS] error: can't adapt type 'numpy.bool_'
2026-04-19 13:53:32,272 | ERROR | [EXPD] error: can't adapt type 'numpy.bool_'
2026-04-19 13:53:32,278 | ERROR | [EIG] error: can't adapt type 'numpy.bool_'
2026-04-19 13:53:32,279 | INFO | Progreso: 600/748 — OK=0 FAIL=600
2026-04-19 13:53:32,285 | ERROR | [WSM] error: can't adapt type 'numpy.bool_'
2026-04-19 13:53:32,293 | ERROR | [GWW] error: can't adapt type 'numpy.bool_'
2026-04-19 13:53:32,301 | ERROR | [ACA] error: can't adapt type 'numpy.bool_'
2026-04-19 13:53:32,309 | ERROR | [ADI] error: can't adapt type 'numpy.bool_'
2026-04-19 13:53:32,315 | ERROR | [AZO] error: can't adapt type 'numpy.bool_'
2026-04-19 13:53:32,322 | ERROR | [SMCI] error: can't adapt type 'numpy.bool_'
2026-04-19 13:53:32,328 | ERROR | [KEYS] error: can't adapt type 'numpy.bool_'
2026-04-19 13:53:32,336 | ERROR | [IESC] error: can't adapt type 'numpy.bool_'
2026-04-19 13:53:32,342 | ERROR | [INSP] error: can't adapt type 'numpy.bool_'
2026-04-19 13:53:32,348 | ERROR | [XYL] error: can't adapt type 'numpy.bool_'
2026-04-19 13:53:32,354 | ERROR | [NPKI] error: can't adapt type 'numpy.bool_'
2026-04-19 13:53:32,362 | ERROR | [ARWR] error: can't adapt type 'numpy.bool_'
2026-04-19 13:53:32,369 | ERROR | [PSMT] error: can't adapt type 'numpy.bool_'
2026-04-19 13:53:32,376 | ERROR | [AMSF] error: can't adapt type 'numpy.bool_'
2026-04-19 13:53:32,383 | ERROR | [OFLX] error: can't adapt type 'numpy.bool_'
2026-04-19 13:53:32,391 | ERROR | [HWKN] error: can't adapt type 'numpy.bool_'
2026-04-19 13:53:32,399 | ERROR | [OLED] error: can't adapt type 'numpy.bool_'
2026-04-19 13:53:32,405 | ERROR | [PLPC] error: can't adapt type 'numpy.bool_'
2026-04-19 13:53:32,412 | ERROR | [NVEC] error: can't adapt type 'numpy.bool_'
2026-04-19 13:53:32,419 | ERROR | [CELH] error: can't adapt type 'numpy.bool_'
2026-04-19 13:53:32,427 | ERROR | [AGYS] error: can't adapt type 'numpy.bool_'
2026-04-19 13:53:32,434 | ERROR | [ULS] error: can't adapt type 'numpy.bool_'
2026-04-19 13:53:32,442 | ERROR | [MPX] error: can't adapt type 'numpy.bool_'
2026-04-19 13:53:32,458 | ERROR | [KN] error: can't adapt type 'numpy.bool_'
2026-04-19 13:53:32,465 | ERROR | [HEI] error: can't adapt type 'numpy.bool_'
2026-04-19 13:53:32,471 | ERROR | [ORLY] error: can't adapt type 'numpy.bool_'
2026-04-19 13:53:32,478 | ERROR | [EVI] error: can't adapt type 'numpy.bool_'
2026-04-19 13:53:32,485 | ERROR | [PBFS] error: can't adapt type 'numpy.bool_'
2026-04-19 13:53:32,499 | ERROR | [APPF] error: can't adapt type 'numpy.bool_'
2026-04-19 13:53:32,505 | ERROR | [TPH] error: can't adapt type 'numpy.bool_'
2026-04-19 13:53:32,511 | ERROR | [ESI] error: can't adapt type 'numpy.bool_'
2026-04-19 13:53:32,517 | ERROR | [BCC] error: can't adapt type 'numpy.bool_'
2026-04-19 13:53:32,524 | ERROR | [TNC] error: can't adapt type 'numpy.bool_'
2026-04-19 13:53:32,530 | ERROR | [TMO] error: can't adapt type 'numpy.bool_'
2026-04-19 13:53:32,537 | ERROR | [GMED] error: can't adapt type 'numpy.bool_'
2026-04-19 13:53:32,544 | ERROR | [CNXN] error: can't adapt type 'numpy.bool_'
2026-04-19 13:53:32,551 | ERROR | [LHX] error: can't adapt type 'numpy.bool_'
2026-04-19 13:53:32,556 | ERROR | [VMC] error: can't adapt type 'numpy.bool_'
2026-04-19 13:53:32,563 | ERROR | [MTH] error: can't adapt type 'numpy.bool_'
2026-04-19 13:53:32,571 | ERROR | [ATKR] error: can't adapt type 'numpy.bool_'
2026-04-19 13:53:32,578 | ERROR | [LPX] error: can't adapt type 'numpy.bool_'
2026-04-19 13:53:32,586 | ERROR | [MLM] error: can't adapt type 'numpy.bool_'
2026-04-19 13:53:32,592 | ERROR | [PODD] error: can't adapt type 'numpy.bool_'
2026-04-19 13:53:32,599 | ERROR | [QTWO] error: can't adapt type 'numpy.bool_'
2026-04-19 13:53:32,607 | ERROR | [STLD] error: can't adapt type 'numpy.bool_'
2026-04-19 13:53:32,615 | ERROR | [ARW] error: can't adapt type 'numpy.bool_'
2026-04-19 13:53:32,622 | ERROR | [AMKR] error: can't adapt type 'numpy.bool_'
2026-04-19 13:53:32,628 | ERROR | [SITE] error: can't adapt type 'numpy.bool_'
2026-04-19 13:53:32,633 | ERROR | [RLGT] error: can't adapt type 'numpy.bool_'
2026-04-19 13:53:32,641 | ERROR | [EXPO] error: can't adapt type 'numpy.bool_'
2026-04-19 13:53:32,649 | ERROR | [FTK] error: can't adapt type 'numpy.bool_'
2026-04-19 13:53:32,656 | ERROR | [DAKT] error: can't adapt type 'numpy.bool_'
2026-04-19 13:53:32,662 | ERROR | [ON] error: can't adapt type 'numpy.bool_'
2026-04-19 13:53:32,668 | ERROR | [POWL] error: can't adapt type 'numpy.bool_'
2026-04-19 13:53:32,675 | ERROR | [ANET] error: can't adapt type 'numpy.bool_'
2026-04-19 13:53:32,681 | ERROR | [PLXS] error: can't adapt type 'numpy.bool_'
2026-04-19 13:53:32,688 | ERROR | [USLM] error: can't adapt type 'numpy.bool_'
2026-04-19 13:53:32,694 | ERROR | [RDVT] error: can't adapt type 'numpy.bool_'
2026-04-19 13:53:32,702 | ERROR | [HWM] error: can't adapt type 'numpy.bool_'
2026-04-19 13:53:32,708 | ERROR | [SPXC] error: can't adapt type 'numpy.bool_'
2026-04-19 13:53:32,715 | ERROR | [AMZN] error: can't adapt type 'numpy.bool_'
2026-04-19 13:53:32,722 | ERROR | [ECG] error: can't adapt type 'numpy.bool_'
2026-04-19 13:53:32,728 | ERROR | [ESE] error: can't adapt type 'numpy.bool_'
2026-04-19 13:53:32,735 | ERROR | [CRS] error: can't adapt type 'numpy.bool_'
2026-04-19 13:53:32,742 | ERROR | [GFS] error: can't adapt type 'numpy.bool_'
2026-04-19 13:53:32,748 | ERROR | [WSO] error: can't adapt type 'numpy.bool_'
2026-04-19 13:53:32,755 | ERROR | [NAGE] error: can't adapt type 'numpy.bool_'
2026-04-19 13:53:32,758 | ERROR | [Q] error: can't adapt type 'numpy.bool_'
2026-04-19 13:53:32,764 | ERROR | [ERII] error: can't adapt type 'numpy.bool_'
2026-04-19 13:53:32,771 | ERROR | [TSSI] error: can't adapt type 'numpy.bool_'
2026-04-19 13:53:32,778 | ERROR | [TER] error: can't adapt type 'numpy.bool_'
2026-04-19 13:53:32,784 | ERROR | [WKC] error: can't adapt type 'numpy.bool_'
2026-04-19 13:53:32,790 | ERROR | [REX] error: can't adapt type 'numpy.bool_'
2026-04-19 13:53:32,797 | ERROR | [MASI] error: can't adapt type 'numpy.bool_'
2026-04-19 13:53:32,804 | ERROR | [CTLP] error: can't adapt type 'numpy.bool_'
2026-04-19 13:53:32,810 | ERROR | [SAIA] error: can't adapt type 'numpy.bool_'
2026-04-19 13:53:32,817 | ERROR | [RBC] error: can't adapt type 'numpy.bool_'
2026-04-19 13:53:32,824 | ERROR | [DRS] error: can't adapt type 'numpy.bool_'
2026-04-19 13:53:32,830 | ERROR | [CASY] error: can't adapt type 'numpy.bool_'
2026-04-19 13:53:32,837 | ERROR | [TPL] error: can't adapt type 'numpy.bool_'
2026-04-19 13:53:32,840 | ERROR | [RAL] error: can't adapt type 'numpy.bool_'
2026-04-19 13:53:32,846 | ERROR | [DOCN] error: can't adapt type 'numpy.bool_'
2026-04-19 13:53:32,853 | ERROR | [KRYS] error: can't adapt type 'numpy.bool_'
2026-04-19 13:53:32,860 | ERROR | [WWD] error: can't adapt type 'numpy.bool_'
2026-04-19 13:53:32,867 | ERROR | [MAMA] error: can't adapt type 'numpy.bool_'
2026-04-19 13:53:32,875 | ERROR | [COST] error: can't adapt type 'numpy.bool_'
2026-04-19 13:53:32,882 | ERROR | [ACAD] error: can't adapt type 'numpy.bool_'
2026-04-19 13:53:32,890 | ERROR | [NPO] error: can't adapt type 'numpy.bool_'
2026-04-19 13:53:32,897 | ERROR | [EW] error: can't adapt type 'numpy.bool_'
2026-04-19 13:53:32,910 | ERROR | [PEN] error: can't adapt type 'numpy.bool_'
2026-04-19 13:53:32,917 | ERROR | [RTX] error: can't adapt type 'numpy.bool_'
2026-04-19 13:53:32,923 | ERROR | [PAY] error: can't adapt type 'numpy.bool_'
2026-04-19 13:53:32,930 | ERROR | [GNRC] error: can't adapt type 'numpy.bool_'
2026-04-19 13:53:32,938 | ERROR | [CRVL] error: can't adapt type 'numpy.bool_'
2026-04-19 13:53:32,944 | ERROR | [LOAR] error: can't adapt type 'numpy.bool_'
2026-04-19 13:53:32,951 | ERROR | [RDDT] error: can't adapt type 'numpy.bool_'
2026-04-19 13:53:32,957 | ERROR | [VCYT] error: can't adapt type 'numpy.bool_'
2026-04-19 13:53:32,964 | ERROR | [MOD] error: can't adapt type 'numpy.bool_'
2026-04-19 13:53:32,971 | ERROR | [NKE] error: can't adapt type 'numpy.bool_'
2026-04-19 13:53:32,972 | INFO | Progreso: 700/748 — OK=1 FAIL=699
2026-04-19 13:53:32,979 | ERROR | [GOOG] error: can't adapt type 'numpy.bool_'
2026-04-19 13:53:32,987 | ERROR | [AMD] error: can't adapt type 'numpy.bool_'
2026-04-19 13:53:32,994 | ERROR | [ELA] error: can't adapt type 'numpy.bool_'
2026-04-19 13:53:33,000 | ERROR | [PLTR] error: can't adapt type 'numpy.bool_'
2026-04-19 13:53:33,005 | ERROR | [OLLI] error: can't adapt type 'numpy.bool_'
2026-04-19 13:53:33,010 | ERROR | [WMK] error: can't adapt type 'numpy.bool_'
2026-04-19 13:53:33,017 | ERROR | [ASTE] error: can't adapt type 'numpy.bool_'
2026-04-19 13:53:33,023 | ERROR | [UNF] error: can't adapt type 'numpy.bool_'
2026-04-19 13:53:33,029 | ERROR | [SXT] error: can't adapt type 'numpy.bool_'
2026-04-19 13:53:33,036 | ERROR | [GDOT] error: can't adapt type 'numpy.bool_'
2026-04-19 13:53:33,042 | ERROR | [WMT] error: can't adapt type 'numpy.bool_'
2026-04-19 13:53:33,049 | ERROR | [TOST] error: can't adapt type 'numpy.bool_'
2026-04-19 13:53:33,056 | ERROR | [INOD] error: can't adapt type 'numpy.bool_'
2026-04-19 13:53:33,064 | ERROR | [CGNX] error: can't adapt type 'numpy.bool_'
2026-04-19 13:53:33,066 | ERROR | [APXT] error: can't adapt type 'numpy.bool_'
2026-04-19 13:53:33,072 | ERROR | [PWR] error: can't adapt type 'numpy.bool_'
2026-04-19 13:53:33,078 | ERROR | [TRMB] error: can't adapt type 'numpy.bool_'
2026-04-19 13:53:33,085 | ERROR | [IRMD] error: can't adapt type 'numpy.bool_'
2026-04-19 13:53:33,092 | ERROR | [ISRG] error: can't adapt type 'numpy.bool_'
2026-04-19 13:53:33,100 | ERROR | [AEIS] error: can't adapt type 'numpy.bool_'
2026-04-19 13:53:33,108 | ERROR | [MRVL] error: can't adapt type 'numpy.bool_'
2026-04-19 13:53:33,115 | ERROR | [CENX] error: can't adapt type 'numpy.bool_'
2026-04-19 13:53:33,122 | ERROR | [DT] error: can't adapt type 'numpy.bool_'
2026-04-19 13:53:33,128 | ERROR | [LEN] error: can't adapt type 'numpy.bool_'
2026-04-19 13:53:33,135 | ERROR | [MPWR] error: can't adapt type 'numpy.bool_'
2026-04-19 13:53:33,142 | ERROR | [NOVT] error: can't adapt type 'numpy.bool_'
2026-04-19 13:53:33,150 | ERROR | [MIDD] error: can't adapt type 'numpy.bool_'
2026-04-19 13:53:33,157 | ERROR | [CORT] error: can't adapt type 'numpy.bool_'
2026-04-19 13:53:33,164 | ERROR | [CIEN] error: can't adapt type 'numpy.bool_'
2026-04-19 13:53:33,170 | ERROR | [ALAB] error: can't adapt type 'numpy.bool_'
2026-04-19 13:53:33,178 | ERROR | [COCO] error: can't adapt type 'numpy.bool_'
2026-04-19 13:53:33,184 | ERROR | [RVLV] error: can't adapt type 'numpy.bool_'
2026-04-19 13:53:33,191 | ERROR | [INSG] error: can't adapt type 'numpy.bool_'
2026-04-19 13:53:33,197 | ERROR | [ONTO] error: can't adapt type 'numpy.bool_'
2026-04-19 13:53:33,204 | ERROR | [IDR] error: can't adapt type 'numpy.bool_'
2026-04-19 13:53:33,211 | ERROR | [ARLO] error: can't adapt type 'numpy.bool_'
2026-04-19 13:53:33,219 | ERROR | [CRDO] error: can't adapt type 'numpy.bool_'
2026-04-19 13:53:33,230 | ERROR | [FIGS] error: can't adapt type 'numpy.bool_'
2026-04-19 13:53:33,236 | ERROR | [PWP] error: can't adapt type 'numpy.bool_'
2026-04-19 13:53:33,241 | ERROR | [VICR] error: can't adapt type 'numpy.bool_'
2026-04-19 13:53:33,247 | ERROR | [DASH] error: can't adapt type 'numpy.bool_'
2026-04-19 13:53:33,256 | ERROR | [VSEC] error: can't adapt type 'numpy.bool_'
2026-04-19 13:53:33,259 | ERROR | [YOUL] error: can't adapt type 'numpy.bool_'
2026-04-19 13:53:33,266 | ERROR | [PKE] error: can't adapt type 'numpy.bool_'
2026-04-19 13:53:33,271 | ERROR | [GEV] error: can't adapt type 'numpy.bool_'
2026-04-19 13:53:33,278 | ERROR | [CAVA] error: can't adapt type 'numpy.bool_'
2026-04-19 13:53:33,286 | ERROR | [FORM] error: can't adapt type 'numpy.bool_'
2026-04-19 13:53:33,289 | ERROR | [CAI] error: can't adapt type 'numpy.bool_'
2026-04-19 13:53:33,290 | INFO | Fin — OK=1 FAIL=747 ALIGNED=0 ROIC_UP=1 DEUDA_DOWN=1
2026-04-19 13:55:50,812 | INFO | Estado macro: SLOWDOWN
2026-04-19 13:55:50,813 | INFO | Alineaciones sectoriales leídas: 11 ETFs
2026-04-19 13:55:50,821 | INFO | Empresas a enriquecer: 748
2026-04-19 13:55:51,468 | INFO | Progreso: 100/748 — OK=100 FAIL=0
2026-04-19 13:55:52,173 | INFO | Progreso: 200/748 — OK=200 FAIL=0
2026-04-19 13:55:52,899 | INFO | Progreso: 300/748 — OK=300 FAIL=0
2026-04-19 13:55:53,611 | INFO | Progreso: 400/748 — OK=400 FAIL=0
2026-04-19 13:55:54,330 | INFO | Progreso: 500/748 — OK=500 FAIL=0
2026-04-19 13:55:55,045 | INFO | Progreso: 600/748 — OK=600 FAIL=0
2026-04-19 13:55:55,746 | INFO | Progreso: 700/748 — OK=700 FAIL=0
2026-04-19 13:55:56,062 | INFO | Fin — OK=748 FAIL=0 ALIGNED=137 ROIC_UP=441 DEUDA_DOWN=418
