2026-05-06 21:05:25,602 | INFO | Tabla ingest.scores_salud verificada
2026-05-06 21:05:25,614 | INFO | Tickers a procesar: 748
2026-05-06 21:07:08,090 | INFO | Progreso: 100/748 — OK=100 FAIL=0
2026-05-06 21:08:48,129 | INFO | Progreso: 200/748 — OK=200 FAIL=0
2026-05-06 21:09:46,637 | WARNING | [FSCO] respuesta vacía
2026-05-06 21:10:28,507 | INFO | Progreso: 300/748 — OK=299 FAIL=1
2026-05-06 21:12:11,197 | INFO | Progreso: 400/748 — OK=399 FAIL=1
2026-05-06 21:13:49,709 | INFO | Progreso: 500/748 — OK=499 FAIL=1
2026-05-06 21:14:44,187 | WARNING | [Q] respuesta vacía
2026-05-06 21:15:29,079 | INFO | Progreso: 600/748 — OK=598 FAIL=2
2026-05-06 21:17:06,850 | INFO | Progreso: 700/748 — OK=698 FAIL=2
2026-05-06 21:17:19,717 | WARNING | [VSNTV] respuesta vacía
2026-05-06 21:17:49,841 | WARNING | [YOUL] respuesta vacía
2026-05-06 21:17:53,972 | INFO | Fin — TOTAL=748 OK=744 FAIL=4
2026-05-06 21:20:55,454 | INFO | Tabla ingest.scores_salud verificada
2026-05-06 21:20:55,457 | INFO | Tickers a procesar: 787
2026-05-06 21:22:36,372 | INFO | Progreso: 100/787 — OK=100 FAIL=0
2026-05-06 21:24:14,521 | INFO | Progreso: 200/787 — OK=200 FAIL=0
2026-05-06 21:25:27,805 | WARNING | [FSCO] respuesta vacía
2026-05-06 21:25:53,993 | INFO | Progreso: 300/787 — OK=299 FAIL=1
2026-05-06 21:27:34,625 | INFO | Progreso: 400/787 — OK=399 FAIL=1
2026-05-06 21:29:16,913 | INFO | Progreso: 500/787 — OK=499 FAIL=1
2026-05-06 21:30:40,272 | WARNING | [Q] respuesta vacía
2026-05-06 21:30:55,493 | INFO | Progreso: 600/787 — OK=598 FAIL=2
2026-05-06 21:32:33,877 | INFO | Progreso: 700/787 — OK=698 FAIL=2
2026-05-06 21:33:22,571 | WARNING | [VSNTV] respuesta vacía
2026-05-06 21:33:55,541 | WARNING | [YOUL] respuesta vacía
2026-05-06 21:33:59,745 | INFO | Fin — TOTAL=787 OK=783 FAIL=4
